\BOOKMARK [1][-]{section.1}{Overview}{}% 1
\BOOKMARK [1][-]{section.2}{Particle3D.py \(Class\)}{}% 2
\BOOKMARK [2][-]{subsection.2.1}{Properties}{section.2}% 3
\BOOKMARK [2][-]{subsection.2.2}{Initialisation}{section.2}% 4
\BOOKMARK [2][-]{subsection.2.3}{Methods}{section.2}% 5
\BOOKMARK [3][-]{subsubsection.2.3.1}{\137\137str\137\137}{subsection.2.3}% 6
\BOOKMARK [3][-]{subsubsection.2.3.2}{kinetic\137energy}{subsection.2.3}% 7
\BOOKMARK [3][-]{subsubsection.2.3.3}{step\137velocity}{subsection.2.3}% 8
\BOOKMARK [3][-]{subsubsection.2.3.4}{first\137order\137posint}{subsection.2.3}% 9
\BOOKMARK [3][-]{subsubsection.2.3.5}{second\137order\137posint}{subsection.2.3}% 10
\BOOKMARK [2][-]{subsection.2.4}{Static Methods}{section.2}% 11
\BOOKMARK [3][-]{subsubsection.2.4.1}{make\137from\137file}{subsection.2.4}% 12
\BOOKMARK [3][-]{subsubsection.2.4.2}{separation}{subsection.2.4}% 13
\BOOKMARK [1][-]{section.3}{P3DGravUtils.py \(Module\)}{}% 14
\BOOKMARK [2][-]{subsection.3.1}{Methods}{section.3}% 15
\BOOKMARK [3][-]{subsubsection.3.1.1}{grav\137force}{subsection.3.1}% 16
\BOOKMARK [3][-]{subsubsection.3.1.2}{grav\137pot}{subsection.3.1}% 17
\BOOKMARK [3][-]{subsubsection.3.1.3}{drift\137correct}{subsection.3.1}% 18
\BOOKMARK [3][-]{subsubsection.3.1.4}{total\137energy}{subsection.3.1}% 19
\BOOKMARK [3][-]{subsubsection.3.1.5}{get\137particles}{subsection.3.1}% 20
\BOOKMARK [3][-]{subsubsection.3.1.6}{get\137params}{subsection.3.1}% 21
\BOOKMARK [3][-]{subsubsection.3.1.7}{step\137time}{subsection.3.1}% 22
\BOOKMARK [3][-]{subsubsection.3.1.8}{conic\137fitter}{subsection.3.1}% 23
\BOOKMARK [3][-]{subsubsection.3.1.9}{conic\137to\137min}{subsection.3.1}% 24
\BOOKMARK [3][-]{subsubsection.3.1.10}{residuals}{subsection.3.1}% 25
\BOOKMARK [1][-]{section.4}{SolarSimulator.py}{}% 26
\BOOKMARK [2][-]{subsection.4.1}{Methods}{section.4}% 27
\BOOKMARK [3][-]{subsubsection.4.1.1}{main}{subsection.4.1}% 28
